  [1m[36m (1.7ms)[0m  [1mCREATE TABLE "schema_migrations" ("version" varchar NOT NULL) [0m
  [1m[35m (0.1ms)[0m  select sqlite_version(*)
  [1m[36m (1.6ms)[0m  [1mCREATE UNIQUE INDEX "unique_schema_migrations" ON "schema_migrations" ("version")[0m
  [1m[35mActiveRecord::SchemaMigration Load (0.1ms)[0m  SELECT "schema_migrations".* FROM "schema_migrations"


Started GET "/" for ::1 at 2015-11-17 17:47:54 -0600
Processing by Rails::WelcomeController#index as HTML
  Rendered /Users/admin/.rvm/gems/ruby-2.1.2/gems/railties-4.2.3/lib/rails/templates/rails/welcome/index.html.erb (2.8ms)
Completed 200 OK in 27ms (Views: 19.4ms | ActiveRecord: 0.0ms)
  [1m[36mActiveRecord::SchemaMigration Load (0.1ms)[0m  [1mSELECT "schema_migrations".* FROM "schema_migrations"[0m
Migrating to CreateStudents (1)
  [1m[35m (0.1ms)[0m  begin transaction
  [1m[36m (0.4ms)[0m  [1mCREATE TABLE "students" ("id" INTEGER PRIMARY KEY AUTOINCREMENT NOT NULL, "first_name" varchar, "last_name" varchar, "created_at" datetime NOT NULL, "updated_at" datetime NOT NULL) [0m
  [1m[35mSQL (0.3ms)[0m  INSERT INTO "schema_migrations" ("version") VALUES (?)  [["version", "1"]]
  [1m[36m (1.4ms)[0m  [1mcommit transaction[0m
  [1m[35mActiveRecord::SchemaMigration Load (0.1ms)[0m  SELECT "schema_migrations".* FROM "schema_migrations"
  [1m[36m (0.1ms)[0m  [1mbegin transaction[0m
  [1m[35mSQL (0.3ms)[0m  INSERT INTO "students" ("first_name", "last_name", "created_at", "updated_at") VALUES (?, ?, ?, ?)  [["first_name", "Jordan"], ["last_name", "Hudgens"], ["created_at", "2015-11-18 00:10:55.545365"], ["updated_at", "2015-11-18 00:10:55.545365"]]
  [1m[36m (2.9ms)[0m  [1mcommit transaction[0m
  [1m[35mStudent Load (0.2ms)[0m  SELECT  "students".* FROM "students"  ORDER BY "students"."id" DESC LIMIT 1
  [1m[36m (0.1ms)[0m  [1mbegin transaction[0m
  [1m[35mSQL (0.3ms)[0m  INSERT INTO "students" ("created_at", "updated_at") VALUES (?, ?)  [["created_at", "2015-11-18 00:17:49.095449"], ["updated_at", "2015-11-18 00:17:49.095449"]]
  [1m[36m (1.2ms)[0m  [1mcommit transaction[0m
  [1m[35mStudent Load (0.2ms)[0m  SELECT  "students".* FROM "students"  ORDER BY "students"."id" DESC LIMIT 1
  [1m[36mActiveRecord::SchemaMigration Load (0.1ms)[0m  [1mSELECT "schema_migrations".* FROM "schema_migrations"[0m
  [1m[35mActiveRecord::SchemaMigration Load (0.1ms)[0m  SELECT "schema_migrations".* FROM "schema_migrations"


Started GET "/" for ::1 at 2015-11-18 13:36:42 -0600
  [1m[36mActiveRecord::SchemaMigration Load (0.1ms)[0m  [1mSELECT "schema_migrations".* FROM "schema_migrations"[0m
Processing by Rails::WelcomeController#index as HTML
  Rendered /Users/admin/.rvm/gems/ruby-2.1.2/gems/railties-4.2.3/lib/rails/templates/rails/welcome/index.html.erb (2.4ms)
Completed 200 OK in 39ms (Views: 24.5ms | ActiveRecord: 0.0ms)


Started GET "/" for ::1 at 2015-11-18 13:37:10 -0600
Processing by Rails::WelcomeController#index as HTML
  Rendered /Users/admin/.rvm/gems/ruby-2.1.2/gems/railties-4.2.3/lib/rails/templates/rails/welcome/index.html.erb (0.0ms)
Completed 200 OK in 1ms (Views: 0.7ms | ActiveRecord: 0.0ms)
  [1m[36mActiveRecord::SchemaMigration Load (2.0ms)[0m  [1mSELECT "schema_migrations".* FROM "schema_migrations"[0m
  [1m[35mActiveRecord::SchemaMigration Load (0.1ms)[0m  SELECT "schema_migrations".* FROM "schema_migrations"
  [1m[36mActiveRecord::SchemaMigration Load (0.1ms)[0m  [1mSELECT "schema_migrations".* FROM "schema_migrations"[0m
Migrating to CreateSchools (20170106173937)
  [1m[35m (0.2ms)[0m  begin transaction
  [1m[36m (0.6ms)[0m  [1mCREATE TABLE "schools" ("id" INTEGER PRIMARY KEY AUTOINCREMENT NOT NULL, "title" varchar, "room_number" integer) [0m
  [1m[35mSQL (0.2ms)[0m  INSERT INTO "schema_migrations" ("version") VALUES (?)  [["version", "20170106173937"]]
  [1m[36m (3.0ms)[0m  [1mcommit transaction[0m
  [1m[35mActiveRecord::SchemaMigration Load (0.2ms)[0m  SELECT "schema_migrations".* FROM "schema_migrations"
  [1m[36mActiveRecord::SchemaMigration Load (0.1ms)[0m  [1mSELECT "schema_migrations".* FROM "schema_migrations"[0m
  [1m[35mActiveRecord::SchemaMigration Load (0.1ms)[0m  SELECT "schema_migrations".* FROM "schema_migrations"
  [1m[36m (2.9ms)[0m  [1mCREATE TABLE "schema_migrations" ("version" varchar NOT NULL) [0m
  [1m[35m (0.1ms)[0m  select sqlite_version(*)
  [1m[36m (3.1ms)[0m  [1mCREATE UNIQUE INDEX "unique_schema_migrations" ON "schema_migrations" ("version")[0m
  [1m[35mActiveRecord::SchemaMigration Load (0.1ms)[0m  SELECT "schema_migrations".* FROM "schema_migrations"
Migrating to CreateStudents (1)
  [1m[36m (0.1ms)[0m  [1mbegin transaction[0m
  [1m[35m (1.0ms)[0m  CREATE TABLE "students" ("id" INTEGER PRIMARY KEY AUTOINCREMENT NOT NULL, "first_name" varchar, "last_name" varchar, "created_at" datetime NOT NULL, "updated_at" datetime NOT NULL) 
  [1m[36mSQL (0.2ms)[0m  [1mINSERT INTO "schema_migrations" ("version") VALUES (?)[0m  [["version", "1"]]
  [1m[35m (3.3ms)[0m  commit transaction
Migrating to CreateSchools (20170106173937)
  [1m[36m (0.4ms)[0m  [1mbegin transaction[0m
  [1m[35m (0.9ms)[0m  CREATE TABLE "school_classes" ("id" INTEGER PRIMARY KEY AUTOINCREMENT NOT NULL, "title" varchar, "room_number" integer) 
  [1m[36mSQL (0.2ms)[0m  [1mINSERT INTO "schema_migrations" ("version") VALUES (?)[0m  [["version", "20170106173937"]]
  [1m[35m (2.6ms)[0m  commit transaction
  [1m[36mActiveRecord::SchemaMigration Load (0.1ms)[0m  [1mSELECT "schema_migrations".* FROM "schema_migrations"[0m


Started GET "/" for ::1 at 2017-01-08 15:59:22 -0500
  [1m[36mActiveRecord::SchemaMigration Load (5.1ms)[0m  [1mSELECT "schema_migrations".* FROM "schema_migrations"[0m
Processing by Rails::WelcomeController#index as HTML
  Rendered /Users/Chisti/.rvm/gems/ruby-2.3.2/gems/railties-4.2.3/lib/rails/templates/rails/welcome/index.html.erb (4.7ms)
Completed 200 OK in 36ms (Views: 23.8ms | ActiveRecord: 0.0ms)


Started GET "/students" for ::1 at 2017-01-08 15:59:28 -0500
Processing by StudentsController#index as HTML
  Rendered students/index.html.erb within layouts/application (7.1ms)
Completed 500 Internal Server Error in 13ms (ActiveRecord: 0.0ms)

ActionView::Template::Error (First argument in form cannot contain nil or be empty):
    1: <h1>New Student</h1>
    2: <%= form_for @student do |f| %>
    3:   <%= f.text_field :first_name %>
    4:   <%= f.text_field :last_name %>
    5:   <%= f.submit %>
  app/views/students/index.html.erb:2:in `_app_views_students_index_html_erb___161016456868479497_70230165572780'


  Rendered /Users/Chisti/.rvm/gems/ruby-2.3.2/gems/actionpack-4.2.3/lib/action_dispatch/middleware/templates/rescues/_source.erb (7.3ms)
  Rendered /Users/Chisti/.rvm/gems/ruby-2.3.2/gems/actionpack-4.2.3/lib/action_dispatch/middleware/templates/rescues/_trace.html.erb (3.0ms)
  Rendered /Users/Chisti/.rvm/gems/ruby-2.3.2/gems/actionpack-4.2.3/lib/action_dispatch/middleware/templates/rescues/_request_and_response.html.erb (0.8ms)
  Rendered /Users/Chisti/.rvm/gems/ruby-2.3.2/gems/actionpack-4.2.3/lib/action_dispatch/middleware/templates/rescues/template_error.html.erb within rescues/layout (75.2ms)
  Rendered /Users/Chisti/.rvm/gems/ruby-2.3.2/gems/web-console-2.2.1/lib/web_console/templates/_markup.html.erb (0.5ms)
  Rendered /Users/Chisti/.rvm/gems/ruby-2.3.2/gems/web-console-2.2.1/lib/web_console/templates/_inner_console_markup.html.erb within layouts/inlined_string (0.4ms)
  Rendered /Users/Chisti/.rvm/gems/ruby-2.3.2/gems/web-console-2.2.1/lib/web_console/templates/_prompt_box_markup.html.erb within layouts/inlined_string (0.4ms)
  Rendered /Users/Chisti/.rvm/gems/ruby-2.3.2/gems/web-console-2.2.1/lib/web_console/templates/style.css.erb within layouts/inlined_string (0.4ms)
  Rendered /Users/Chisti/.rvm/gems/ruby-2.3.2/gems/web-console-2.2.1/lib/web_console/templates/console.js.erb within layouts/javascript (60.9ms)
  Rendered /Users/Chisti/.rvm/gems/ruby-2.3.2/gems/web-console-2.2.1/lib/web_console/templates/main.js.erb within layouts/javascript (0.5ms)
  Rendered /Users/Chisti/.rvm/gems/ruby-2.3.2/gems/web-console-2.2.1/lib/web_console/templates/error_page.js.erb within layouts/javascript (0.5ms)
  Rendered /Users/Chisti/.rvm/gems/ruby-2.3.2/gems/web-console-2.2.1/lib/web_console/templates/index.html.erb (145.1ms)


Started GET "/students/new" for ::1 at 2017-01-08 15:59:30 -0500
Processing by StudentsController#new as HTML
  Rendered students/new.html.erb within layouts/application (44.5ms)
Completed 200 OK in 1114ms (Views: 1105.2ms | ActiveRecord: 0.5ms)


Started GET "/students/new" for ::1 at 2017-01-08 16:00:39 -0500
Processing by StudentsController#new as HTML
  Rendered students/new.html.erb within layouts/application (12.7ms)
Completed 200 OK in 48ms (Views: 46.9ms | ActiveRecord: 0.0ms)


Started GET "/students/new" for ::1 at 2017-01-08 16:00:49 -0500
Processing by StudentsController#new as HTML
  Rendered students/new.html.erb within layouts/application (2.2ms)
Completed 200 OK in 30ms (Views: 29.5ms | ActiveRecord: 0.0ms)


Started GET "/students/new" for ::1 at 2017-01-08 16:00:59 -0500
Processing by StudentsController#new as HTML
  Rendered students/new.html.erb within layouts/application (2.3ms)
Completed 200 OK in 36ms (Views: 35.3ms | ActiveRecord: 0.0ms)


Started POST "/students" for ::1 at 2017-01-08 16:01:15 -0500
Processing by StudentsController#create as HTML
  Parameters: {"utf8"=>"✓", "authenticity_token"=>"dxFklm/oEWrz2KompY/35MZCgozWkTIgrSD0F3C2oRcVjKGIfLKVaPF4+QfJ3pZf5weffJ1GXxAu2sVqSVVkPA==", "student"=>{"first_name"=>"Mohammed", "last_name"=>"Chisti"}, "commit"=>"Create Student"}
  [1m[35m (0.1ms)[0m  begin transaction
  [1m[36mSQL (2.8ms)[0m  [1mINSERT INTO "students" ("first_name", "last_name", "created_at", "updated_at") VALUES (?, ?, ?, ?)[0m  [["first_name", "Mohammed"], ["last_name", "Chisti"], ["created_at", "2017-01-08 21:01:15.364140"], ["updated_at", "2017-01-08 21:01:15.364140"]]
  [1m[35m (3.3ms)[0m  commit transaction
Redirected to http://localhost:3000/students/1
Completed 302 Found in 15ms (ActiveRecord: 6.1ms)


Started GET "/students/1" for ::1 at 2017-01-08 16:01:15 -0500
Processing by StudentsController#show as HTML
  Parameters: {"id"=>"1"}
Completed 500 Internal Server Error in 12ms (ActiveRecord: 0.0ms)

NameError (undefined local variable or method `parmas' for #<StudentsController:0x007fbf753e5990>
Did you mean?  params):
  app/controllers/students_controller.rb:12:in `show'


  Rendered /Users/Chisti/.rvm/gems/ruby-2.3.2/gems/actionpack-4.2.3/lib/action_dispatch/middleware/templates/rescues/_source.erb (5.7ms)
  Rendered /Users/Chisti/.rvm/gems/ruby-2.3.2/gems/actionpack-4.2.3/lib/action_dispatch/middleware/templates/rescues/_trace.html.erb (2.4ms)
  Rendered /Users/Chisti/.rvm/gems/ruby-2.3.2/gems/actionpack-4.2.3/lib/action_dispatch/middleware/templates/rescues/_request_and_response.html.erb (1.1ms)
  Rendered /Users/Chisti/.rvm/gems/ruby-2.3.2/gems/actionpack-4.2.3/lib/action_dispatch/middleware/templates/rescues/diagnostics.html.erb within rescues/layout (66.2ms)
  Rendered /Users/Chisti/.rvm/gems/ruby-2.3.2/gems/web-console-2.2.1/lib/web_console/templates/_markup.html.erb (0.5ms)
  Rendered /Users/Chisti/.rvm/gems/ruby-2.3.2/gems/web-console-2.2.1/lib/web_console/templates/_inner_console_markup.html.erb within layouts/inlined_string (0.4ms)
  Rendered /Users/Chisti/.rvm/gems/ruby-2.3.2/gems/web-console-2.2.1/lib/web_console/templates/_prompt_box_markup.html.erb within layouts/inlined_string (0.4ms)
  Rendered /Users/Chisti/.rvm/gems/ruby-2.3.2/gems/web-console-2.2.1/lib/web_console/templates/style.css.erb within layouts/inlined_string (0.4ms)
  Rendered /Users/Chisti/.rvm/gems/ruby-2.3.2/gems/web-console-2.2.1/lib/web_console/templates/console.js.erb within layouts/javascript (49.6ms)
  Rendered /Users/Chisti/.rvm/gems/ruby-2.3.2/gems/web-console-2.2.1/lib/web_console/templates/main.js.erb within layouts/javascript (0.5ms)
  Rendered /Users/Chisti/.rvm/gems/ruby-2.3.2/gems/web-console-2.2.1/lib/web_console/templates/error_page.js.erb within layouts/javascript (0.8ms)
  Rendered /Users/Chisti/.rvm/gems/ruby-2.3.2/gems/web-console-2.2.1/lib/web_console/templates/index.html.erb (111.1ms)


Started POST "/students" for ::1 at 2017-01-08 16:03:26 -0500
Processing by StudentsController#create as HTML
  Parameters: {"utf8"=>"✓", "authenticity_token"=>"dxFklm/oEWrz2KompY/35MZCgozWkTIgrSD0F3C2oRcVjKGIfLKVaPF4+QfJ3pZf5weffJ1GXxAu2sVqSVVkPA==", "student"=>{"first_name"=>"Mohammed", "last_name"=>"Chisti"}, "commit"=>"Create Student"}
  [1m[36m (0.1ms)[0m  [1mbegin transaction[0m
  [1m[35mSQL (0.4ms)[0m  INSERT INTO "students" ("first_name", "last_name", "created_at", "updated_at") VALUES (?, ?, ?, ?)  [["first_name", "Mohammed"], ["last_name", "Chisti"], ["created_at", "2017-01-08 21:03:26.635921"], ["updated_at", "2017-01-08 21:03:26.635921"]]
  [1m[36m (2.6ms)[0m  [1mcommit transaction[0m
Redirected to http://localhost:3000/students/2
Completed 302 Found in 12ms (ActiveRecord: 3.4ms)


Started GET "/students/2" for ::1 at 2017-01-08 16:03:26 -0500
Processing by StudentsController#show as HTML
  Parameters: {"id"=>"2"}
  [1m[35mStudent Load (0.4ms)[0m  SELECT  "students".* FROM "students" WHERE "students"."id" = ? LIMIT 1  [["id", 2]]
  Rendered students/show.html.erb within layouts/application (0.4ms)
Completed 200 OK in 60ms (Views: 41.3ms | ActiveRecord: 0.4ms)


Started GET "/students" for ::1 at 2017-01-08 16:04:46 -0500
Processing by StudentsController#index as HTML
  Rendered students/index.html.erb within layouts/application (3.2ms)
Completed 500 Internal Server Error in 7ms (ActiveRecord: 0.0ms)

ActionView::Template::Error (First argument in form cannot contain nil or be empty):
    1: <h1>New Student</h1>
    2: <%= form_for @student do |f| %>
    3:   <%= f.text_field :first_name %>
    4:   <%= f.text_field :last_name %>
    5:   <%= f.submit %>
  app/views/students/index.html.erb:2:in `_app_views_students_index_html_erb___161016456868479497_70230165572780'


  Rendered /Users/Chisti/.rvm/gems/ruby-2.3.2/gems/actionpack-4.2.3/lib/action_dispatch/middleware/templates/rescues/_source.erb (6.3ms)
  Rendered /Users/Chisti/.rvm/gems/ruby-2.3.2/gems/actionpack-4.2.3/lib/action_dispatch/middleware/templates/rescues/_trace.html.erb (3.2ms)
  Rendered /Users/Chisti/.rvm/gems/ruby-2.3.2/gems/actionpack-4.2.3/lib/action_dispatch/middleware/templates/rescues/_request_and_response.html.erb (0.9ms)
  Rendered /Users/Chisti/.rvm/gems/ruby-2.3.2/gems/actionpack-4.2.3/lib/action_dispatch/middleware/templates/rescues/template_error.html.erb within rescues/layout (66.2ms)
  Rendered /Users/Chisti/.rvm/gems/ruby-2.3.2/gems/web-console-2.2.1/lib/web_console/templates/_markup.html.erb (0.4ms)
  Rendered /Users/Chisti/.rvm/gems/ruby-2.3.2/gems/web-console-2.2.1/lib/web_console/templates/_inner_console_markup.html.erb within layouts/inlined_string (0.5ms)
  Rendered /Users/Chisti/.rvm/gems/ruby-2.3.2/gems/web-console-2.2.1/lib/web_console/templates/_prompt_box_markup.html.erb within layouts/inlined_string (0.3ms)
  Rendered /Users/Chisti/.rvm/gems/ruby-2.3.2/gems/web-console-2.2.1/lib/web_console/templates/style.css.erb within layouts/inlined_string (0.4ms)
  Rendered /Users/Chisti/.rvm/gems/ruby-2.3.2/gems/web-console-2.2.1/lib/web_console/templates/console.js.erb within layouts/javascript (53.4ms)
  Rendered /Users/Chisti/.rvm/gems/ruby-2.3.2/gems/web-console-2.2.1/lib/web_console/templates/main.js.erb within layouts/javascript (0.3ms)
  Rendered /Users/Chisti/.rvm/gems/ruby-2.3.2/gems/web-console-2.2.1/lib/web_console/templates/error_page.js.erb within layouts/javascript (0.4ms)
  Rendered /Users/Chisti/.rvm/gems/ruby-2.3.2/gems/web-console-2.2.1/lib/web_console/templates/index.html.erb (113.2ms)


Started GET "/school_class/new" for ::1 at 2017-01-08 16:04:53 -0500

ActionController::RoutingError (uninitialized constant SchoolClassController):
  activesupport (4.2.3) lib/active_support/inflector/methods.rb:261:in `const_get'
  activesupport (4.2.3) lib/active_support/inflector/methods.rb:261:in `block in constantize'
  activesupport (4.2.3) lib/active_support/inflector/methods.rb:259:in `each'
  activesupport (4.2.3) lib/active_support/inflector/methods.rb:259:in `inject'
  activesupport (4.2.3) lib/active_support/inflector/methods.rb:259:in `constantize'
  actionpack (4.2.3) lib/action_dispatch/routing/route_set.rb:72:in `controller_reference'
  actionpack (4.2.3) lib/action_dispatch/routing/route_set.rb:62:in `controller'
  actionpack (4.2.3) lib/action_dispatch/routing/route_set.rb:41:in `serve'
  actionpack (4.2.3) lib/action_dispatch/journey/router.rb:43:in `block in serve'
  actionpack (4.2.3) lib/action_dispatch/journey/router.rb:30:in `each'
  actionpack (4.2.3) lib/action_dispatch/journey/router.rb:30:in `serve'
  actionpack (4.2.3) lib/action_dispatch/routing/route_set.rb:821:in `call'
  rack (1.6.4) lib/rack/etag.rb:24:in `call'
  rack (1.6.4) lib/rack/conditionalget.rb:25:in `call'
  rack (1.6.4) lib/rack/head.rb:13:in `call'
  actionpack (4.2.3) lib/action_dispatch/middleware/params_parser.rb:27:in `call'
  actionpack (4.2.3) lib/action_dispatch/middleware/flash.rb:260:in `call'
  rack (1.6.4) lib/rack/session/abstract/id.rb:225:in `context'
  rack (1.6.4) lib/rack/session/abstract/id.rb:220:in `call'
  actionpack (4.2.3) lib/action_dispatch/middleware/cookies.rb:560:in `call'
  activerecord (4.2.3) lib/active_record/query_cache.rb:36:in `call'
  activerecord (4.2.3) lib/active_record/connection_adapters/abstract/connection_pool.rb:653:in `call'
  activerecord (4.2.3) lib/active_record/migration.rb:377:in `call'
  actionpack (4.2.3) lib/action_dispatch/middleware/callbacks.rb:29:in `block in call'
  activesupport (4.2.3) lib/active_support/callbacks.rb:84:in `run_callbacks'
  actionpack (4.2.3) lib/action_dispatch/middleware/callbacks.rb:27:in `call'
  actionpack (4.2.3) lib/action_dispatch/middleware/reloader.rb:73:in `call'
  actionpack (4.2.3) lib/action_dispatch/middleware/remote_ip.rb:78:in `call'
  actionpack (4.2.3) lib/action_dispatch/middleware/debug_exceptions.rb:17:in `call'
  web-console (2.2.1) lib/web_console/middleware.rb:39:in `call'
  actionpack (4.2.3) lib/action_dispatch/middleware/show_exceptions.rb:30:in `call'
  railties (4.2.3) lib/rails/rack/logger.rb:38:in `call_app'
  railties (4.2.3) lib/rails/rack/logger.rb:20:in `block in call'
  activesupport (4.2.3) lib/active_support/tagged_logging.rb:68:in `block in tagged'
  activesupport (4.2.3) lib/active_support/tagged_logging.rb:26:in `tagged'
  activesupport (4.2.3) lib/active_support/tagged_logging.rb:68:in `tagged'
  railties (4.2.3) lib/rails/rack/logger.rb:20:in `call'
  actionpack (4.2.3) lib/action_dispatch/middleware/request_id.rb:21:in `call'
  rack (1.6.4) lib/rack/methodoverride.rb:22:in `call'
  rack (1.6.4) lib/rack/runtime.rb:18:in `call'
  activesupport (4.2.3) lib/active_support/cache/strategy/local_cache_middleware.rb:28:in `call'
  rack (1.6.4) lib/rack/lock.rb:17:in `call'
  actionpack (4.2.3) lib/action_dispatch/middleware/static.rb:116:in `call'
  rack (1.6.4) lib/rack/sendfile.rb:113:in `call'
  railties (4.2.3) lib/rails/engine.rb:518:in `call'
  railties (4.2.3) lib/rails/application.rb:165:in `call'
  rack (1.6.4) lib/rack/lock.rb:17:in `call'
  rack (1.6.4) lib/rack/content_length.rb:15:in `call'
  rack (1.6.4) lib/rack/handler/webrick.rb:88:in `service'
  /Users/Chisti/.rvm/rubies/ruby-2.3.2/lib/ruby/2.3.0/webrick/httpserver.rb:140:in `service'
  /Users/Chisti/.rvm/rubies/ruby-2.3.2/lib/ruby/2.3.0/webrick/httpserver.rb:96:in `run'
  /Users/Chisti/.rvm/rubies/ruby-2.3.2/lib/ruby/2.3.0/webrick/server.rb:296:in `block in start_thread'


  Rendered /Users/Chisti/.rvm/gems/ruby-2.3.2/gems/actionpack-4.2.3/lib/action_dispatch/middleware/templates/rescues/_trace.html.erb (2.1ms)
  Rendered /Users/Chisti/.rvm/gems/ruby-2.3.2/gems/actionpack-4.2.3/lib/action_dispatch/middleware/templates/routes/_route.html.erb (2.4ms)
  Rendered /Users/Chisti/.rvm/gems/ruby-2.3.2/gems/actionpack-4.2.3/lib/action_dispatch/middleware/templates/routes/_table.html.erb (5.1ms)
  Rendered /Users/Chisti/.rvm/gems/ruby-2.3.2/gems/actionpack-4.2.3/lib/action_dispatch/middleware/templates/rescues/_request_and_response.html.erb (1.2ms)
  Rendered /Users/Chisti/.rvm/gems/ruby-2.3.2/gems/actionpack-4.2.3/lib/action_dispatch/middleware/templates/rescues/routing_error.html.erb within rescues/layout (92.3ms)
  Rendered /Users/Chisti/.rvm/gems/ruby-2.3.2/gems/web-console-2.2.1/lib/web_console/templates/_markup.html.erb (0.4ms)
  Rendered /Users/Chisti/.rvm/gems/ruby-2.3.2/gems/web-console-2.2.1/lib/web_console/templates/_inner_console_markup.html.erb within layouts/inlined_string (0.5ms)
  Rendered /Users/Chisti/.rvm/gems/ruby-2.3.2/gems/web-console-2.2.1/lib/web_console/templates/_prompt_box_markup.html.erb within layouts/inlined_string (0.3ms)
  Rendered /Users/Chisti/.rvm/gems/ruby-2.3.2/gems/web-console-2.2.1/lib/web_console/templates/style.css.erb within layouts/inlined_string (0.7ms)
  Rendered /Users/Chisti/.rvm/gems/ruby-2.3.2/gems/web-console-2.2.1/lib/web_console/templates/console.js.erb within layouts/javascript (50.8ms)
  Rendered /Users/Chisti/.rvm/gems/ruby-2.3.2/gems/web-console-2.2.1/lib/web_console/templates/main.js.erb within layouts/javascript (0.5ms)
  Rendered /Users/Chisti/.rvm/gems/ruby-2.3.2/gems/web-console-2.2.1/lib/web_console/templates/error_page.js.erb within layouts/javascript (0.4ms)
  Rendered /Users/Chisti/.rvm/gems/ruby-2.3.2/gems/web-console-2.2.1/lib/web_console/templates/index.html.erb (111.0ms)


Started GET "/school_classes/new" for ::1 at 2017-01-08 16:05:11 -0500

ActionController::RoutingError (No route matches [GET] "/school_classes/new"):
  actionpack (4.2.3) lib/action_dispatch/middleware/debug_exceptions.rb:21:in `call'
  web-console (2.2.1) lib/web_console/middleware.rb:39:in `call'
  actionpack (4.2.3) lib/action_dispatch/middleware/show_exceptions.rb:30:in `call'
  railties (4.2.3) lib/rails/rack/logger.rb:38:in `call_app'
  railties (4.2.3) lib/rails/rack/logger.rb:20:in `block in call'
  activesupport (4.2.3) lib/active_support/tagged_logging.rb:68:in `block in tagged'
  activesupport (4.2.3) lib/active_support/tagged_logging.rb:26:in `tagged'
  activesupport (4.2.3) lib/active_support/tagged_logging.rb:68:in `tagged'
  railties (4.2.3) lib/rails/rack/logger.rb:20:in `call'
  actionpack (4.2.3) lib/action_dispatch/middleware/request_id.rb:21:in `call'
  rack (1.6.4) lib/rack/methodoverride.rb:22:in `call'
  rack (1.6.4) lib/rack/runtime.rb:18:in `call'
  activesupport (4.2.3) lib/active_support/cache/strategy/local_cache_middleware.rb:28:in `call'
  rack (1.6.4) lib/rack/lock.rb:17:in `call'
  actionpack (4.2.3) lib/action_dispatch/middleware/static.rb:116:in `call'
  rack (1.6.4) lib/rack/sendfile.rb:113:in `call'
  railties (4.2.3) lib/rails/engine.rb:518:in `call'
  railties (4.2.3) lib/rails/application.rb:165:in `call'
  rack (1.6.4) lib/rack/lock.rb:17:in `call'
  rack (1.6.4) lib/rack/content_length.rb:15:in `call'
  rack (1.6.4) lib/rack/handler/webrick.rb:88:in `service'
  /Users/Chisti/.rvm/rubies/ruby-2.3.2/lib/ruby/2.3.0/webrick/httpserver.rb:140:in `service'
  /Users/Chisti/.rvm/rubies/ruby-2.3.2/lib/ruby/2.3.0/webrick/httpserver.rb:96:in `run'
  /Users/Chisti/.rvm/rubies/ruby-2.3.2/lib/ruby/2.3.0/webrick/server.rb:296:in `block in start_thread'


  Rendered /Users/Chisti/.rvm/gems/ruby-2.3.2/gems/actionpack-4.2.3/lib/action_dispatch/middleware/templates/rescues/_trace.html.erb (1.3ms)
  Rendered /Users/Chisti/.rvm/gems/ruby-2.3.2/gems/actionpack-4.2.3/lib/action_dispatch/middleware/templates/routes/_route.html.erb (1.2ms)
  Rendered /Users/Chisti/.rvm/gems/ruby-2.3.2/gems/actionpack-4.2.3/lib/action_dispatch/middleware/templates/routes/_table.html.erb (1.1ms)
  Rendered /Users/Chisti/.rvm/gems/ruby-2.3.2/gems/actionpack-4.2.3/lib/action_dispatch/middleware/templates/rescues/_request_and_response.html.erb (1.1ms)
  Rendered /Users/Chisti/.rvm/gems/ruby-2.3.2/gems/actionpack-4.2.3/lib/action_dispatch/middleware/templates/rescues/routing_error.html.erb within rescues/layout (75.5ms)
  Rendered /Users/Chisti/.rvm/gems/ruby-2.3.2/gems/web-console-2.2.1/lib/web_console/templates/_markup.html.erb (0.6ms)
  Rendered /Users/Chisti/.rvm/gems/ruby-2.3.2/gems/web-console-2.2.1/lib/web_console/templates/_inner_console_markup.html.erb within layouts/inlined_string (0.3ms)
  Rendered /Users/Chisti/.rvm/gems/ruby-2.3.2/gems/web-console-2.2.1/lib/web_console/templates/_prompt_box_markup.html.erb within layouts/inlined_string (0.3ms)
  Rendered /Users/Chisti/.rvm/gems/ruby-2.3.2/gems/web-console-2.2.1/lib/web_console/templates/style.css.erb within layouts/inlined_string (0.4ms)
  Rendered /Users/Chisti/.rvm/gems/ruby-2.3.2/gems/web-console-2.2.1/lib/web_console/templates/console.js.erb within layouts/javascript (49.3ms)
  Rendered /Users/Chisti/.rvm/gems/ruby-2.3.2/gems/web-console-2.2.1/lib/web_console/templates/main.js.erb within layouts/javascript (0.6ms)
  Rendered /Users/Chisti/.rvm/gems/ruby-2.3.2/gems/web-console-2.2.1/lib/web_console/templates/error_page.js.erb within layouts/javascript (0.7ms)
  Rendered /Users/Chisti/.rvm/gems/ruby-2.3.2/gems/web-console-2.2.1/lib/web_console/templates/index.html.erb (115.6ms)


Started GET "/school_classes/new" for ::1 at 2017-01-08 16:06:29 -0500
Processing by SchoolClassesController#new as HTML
  Rendered school_classes/new.html.erb within layouts/application (2.2ms)
Completed 200 OK in 30ms (Views: 26.0ms | ActiveRecord: 0.5ms)


Started POST "/school_classes" for ::1 at 2017-01-08 16:06:41 -0500
Processing by SchoolClassesController#create as HTML
  Parameters: {"utf8"=>"✓", "authenticity_token"=>"5QuGQglrOBOlK5Ls/ilLhvozJ0PpFsCsifrbDzdW0G+HlkNcGjG8EaeLwc2SeCo923Y6s6LBrZwKAOpyDrUVRA==", "school_class"=>{"title"=>"Chemistry", "room_number"=>"101"}, "commit"=>"Create School class"}
  [1m[36m (0.1ms)[0m  [1mbegin transaction[0m
  [1m[35mSQL (0.4ms)[0m  INSERT INTO "school_classes" ("title", "room_number") VALUES (?, ?)  [["title", "Chemistry"], ["room_number", 101]]
  [1m[36m (2.8ms)[0m  [1mcommit transaction[0m
Completed 500 Internal Server Error in 7ms (ActiveRecord: 3.2ms)

ActionController::UrlGenerationError (No route matches {:action=>"show", :controller=>"school_classes"} missing required keys: [:id]):
  app/controllers/school_classes_controller.rb:8:in `create'


  Rendered /Users/Chisti/.rvm/gems/ruby-2.3.2/gems/actionpack-4.2.3/lib/action_dispatch/middleware/templates/rescues/_source.erb (4.9ms)
  Rendered /Users/Chisti/.rvm/gems/ruby-2.3.2/gems/actionpack-4.2.3/lib/action_dispatch/middleware/templates/rescues/_trace.html.erb (2.0ms)
  Rendered /Users/Chisti/.rvm/gems/ruby-2.3.2/gems/actionpack-4.2.3/lib/action_dispatch/middleware/templates/rescues/_request_and_response.html.erb (1.2ms)
  Rendered /Users/Chisti/.rvm/gems/ruby-2.3.2/gems/actionpack-4.2.3/lib/action_dispatch/middleware/templates/rescues/diagnostics.html.erb within rescues/layout (57.5ms)
  Rendered /Users/Chisti/.rvm/gems/ruby-2.3.2/gems/web-console-2.2.1/lib/web_console/templates/_markup.html.erb (0.4ms)
  Rendered /Users/Chisti/.rvm/gems/ruby-2.3.2/gems/web-console-2.2.1/lib/web_console/templates/_inner_console_markup.html.erb within layouts/inlined_string (0.3ms)
  Rendered /Users/Chisti/.rvm/gems/ruby-2.3.2/gems/web-console-2.2.1/lib/web_console/templates/_prompt_box_markup.html.erb within layouts/inlined_string (0.5ms)
  Rendered /Users/Chisti/.rvm/gems/ruby-2.3.2/gems/web-console-2.2.1/lib/web_console/templates/style.css.erb within layouts/inlined_string (0.4ms)
  Rendered /Users/Chisti/.rvm/gems/ruby-2.3.2/gems/web-console-2.2.1/lib/web_console/templates/console.js.erb within layouts/javascript (50.8ms)
  Rendered /Users/Chisti/.rvm/gems/ruby-2.3.2/gems/web-console-2.2.1/lib/web_console/templates/main.js.erb within layouts/javascript (0.5ms)
  Rendered /Users/Chisti/.rvm/gems/ruby-2.3.2/gems/web-console-2.2.1/lib/web_console/templates/error_page.js.erb within layouts/javascript (0.5ms)
  Rendered /Users/Chisti/.rvm/gems/ruby-2.3.2/gems/web-console-2.2.1/lib/web_console/templates/index.html.erb (119.6ms)


Started POST "/school_classes" for ::1 at 2017-01-08 16:07:18 -0500
Processing by SchoolClassesController#create as HTML
  Parameters: {"utf8"=>"✓", "authenticity_token"=>"5QuGQglrOBOlK5Ls/ilLhvozJ0PpFsCsifrbDzdW0G+HlkNcGjG8EaeLwc2SeCo923Y6s6LBrZwKAOpyDrUVRA==", "school_class"=>{"title"=>"Chemistry", "room_number"=>"101"}, "commit"=>"Create School class"}
  [1m[35m (0.1ms)[0m  begin transaction
  [1m[36mSQL (0.3ms)[0m  [1mINSERT INTO "school_classes" ("title", "room_number") VALUES (?, ?)[0m  [["title", "Chemistry"], ["room_number", 101]]
  [1m[35m (2.6ms)[0m  commit transaction
Redirected to http://localhost:3000/school_classes/2
Completed 302 Found in 10ms (ActiveRecord: 3.4ms)


Started GET "/school_classes/2" for ::1 at 2017-01-08 16:07:18 -0500
Processing by SchoolClassesController#show as HTML
  Parameters: {"id"=>"2"}
  [1m[36mSchoolClass Load (0.2ms)[0m  [1mSELECT  "school_classes".* FROM "school_classes" WHERE "school_classes"."id" = ? LIMIT 1[0m  [["id", 2]]
  Rendered school_classes/show.html.erb within layouts/application (7.1ms)
Completed 200 OK in 30ms (Views: 29.1ms | ActiveRecord: 0.2ms)


Started GET "/school_classes/2/edit" for ::1 at 2017-01-08 16:12:31 -0500
Processing by SchoolClassesController#edit as HTML
  Parameters: {"id"=>"2"}
  [1m[35mSchoolClass Load (0.1ms)[0m  SELECT  "school_classes".* FROM "school_classes" WHERE "school_classes"."id" = ? LIMIT 1  [["id", 2]]
  Rendered school_classes/edit.html.erb within layouts/application (5.7ms)
Completed 500 Internal Server Error in 14ms (ActiveRecord: 0.5ms)

ActionView::Template::Error (undefined method `merge' for "Chemistry":String):
    1: <h1>School Class Form</h1>
    2: <%= form_for @school_class do |f| %>
    3:   <%= f.label :title %>
    4:   <%= f.text_field :title, @school_class.title %>
    5:   <%= f.label :room_number %>
    6:   <%= f.text_field :room_number, @school_class.room_number %>
    7:   <%= f.submit %>
  app/views/school_classes/edit.html.erb:4:in `block in _app_views_school_classes_edit_html_erb___1007752578905159099_70230174582000'
  app/views/school_classes/edit.html.erb:2:in `_app_views_school_classes_edit_html_erb___1007752578905159099_70230174582000'


  Rendered /Users/Chisti/.rvm/gems/ruby-2.3.2/gems/actionpack-4.2.3/lib/action_dispatch/middleware/templates/rescues/_source.erb (5.5ms)
  Rendered /Users/Chisti/.rvm/gems/ruby-2.3.2/gems/actionpack-4.2.3/lib/action_dispatch/middleware/templates/rescues/_trace.html.erb (4.5ms)
  Rendered /Users/Chisti/.rvm/gems/ruby-2.3.2/gems/actionpack-4.2.3/lib/action_dispatch/middleware/templates/rescues/_request_and_response.html.erb (1.1ms)
  Rendered /Users/Chisti/.rvm/gems/ruby-2.3.2/gems/actionpack-4.2.3/lib/action_dispatch/middleware/templates/rescues/template_error.html.erb within rescues/layout (68.6ms)
  Rendered /Users/Chisti/.rvm/gems/ruby-2.3.2/gems/web-console-2.2.1/lib/web_console/templates/_markup.html.erb (0.4ms)
  Rendered /Users/Chisti/.rvm/gems/ruby-2.3.2/gems/web-console-2.2.1/lib/web_console/templates/_inner_console_markup.html.erb within layouts/inlined_string (0.3ms)
  Rendered /Users/Chisti/.rvm/gems/ruby-2.3.2/gems/web-console-2.2.1/lib/web_console/templates/_prompt_box_markup.html.erb within layouts/inlined_string (0.4ms)
  Rendered /Users/Chisti/.rvm/gems/ruby-2.3.2/gems/web-console-2.2.1/lib/web_console/templates/style.css.erb within layouts/inlined_string (0.3ms)
  Rendered /Users/Chisti/.rvm/gems/ruby-2.3.2/gems/web-console-2.2.1/lib/web_console/templates/console.js.erb within layouts/javascript (52.4ms)
  Rendered /Users/Chisti/.rvm/gems/ruby-2.3.2/gems/web-console-2.2.1/lib/web_console/templates/main.js.erb within layouts/javascript (0.3ms)
  Rendered /Users/Chisti/.rvm/gems/ruby-2.3.2/gems/web-console-2.2.1/lib/web_console/templates/error_page.js.erb within layouts/javascript (0.4ms)
  Rendered /Users/Chisti/.rvm/gems/ruby-2.3.2/gems/web-console-2.2.1/lib/web_console/templates/index.html.erb (113.5ms)


Started GET "/school_classes/2/edit" for ::1 at 2017-01-08 16:14:33 -0500
Processing by SchoolClassesController#edit as HTML
  Parameters: {"id"=>"2"}
  [1m[36mSchoolClass Load (0.1ms)[0m  [1mSELECT  "school_classes".* FROM "school_classes" WHERE "school_classes"."id" = ? LIMIT 1[0m  [["id", 2]]
  Rendered school_classes/edit.html.erb within layouts/application (2.1ms)
Completed 200 OK in 47ms (Views: 46.2ms | ActiveRecord: 0.1ms)


Started PATCH "/school_classes/2" for ::1 at 2017-01-08 16:14:53 -0500
Processing by SchoolClassesController#update as HTML
  Parameters: {"utf8"=>"✓", "authenticity_token"=>"Y86izg4AQkE3oUoIjRu8U+lkOvUgMPTNWWZCPQpmytQBU2fQHVrGQzUBGSnhSt3oyCEnBWvnmf3anHNAM4UP/w==", "school_class"=>{"title"=>"Chemistry", "room_number"=>"102"}, "commit"=>"Update School class", "id"=>"2"}
  [1m[35mSchoolClass Load (0.1ms)[0m  SELECT  "school_classes".* FROM "school_classes" WHERE "school_classes"."id" = ? LIMIT 1  [["id", 2]]
  [1m[36m (0.1ms)[0m  [1mbegin transaction[0m
  [1m[35mSQL (0.3ms)[0m  UPDATE "school_classes" SET "room_number" = ? WHERE "school_classes"."id" = ?  [["room_number", 102], ["id", 2]]
  [1m[36m (8.6ms)[0m  [1mcommit transaction[0m
Redirected to http://localhost:3000/school_classes/2
Completed 302 Found in 15ms (ActiveRecord: 9.1ms)


Started GET "/school_classes/2" for ::1 at 2017-01-08 16:14:53 -0500
Processing by SchoolClassesController#show as HTML
  Parameters: {"id"=>"2"}
  [1m[35mSchoolClass Load (0.1ms)[0m  SELECT  "school_classes".* FROM "school_classes" WHERE "school_classes"."id" = ? LIMIT 1  [["id", 2]]
  Rendered school_classes/show.html.erb within layouts/application (0.1ms)
Completed 200 OK in 27ms (Views: 26.2ms | ActiveRecord: 0.1ms)
